<?xml version="1.0" encoding="UTF-8"?>
<testng-results skipped="0" failed="0" total="2" passed="2">
  <reporter-output>
  </reporter-output>
  <suite name="Grid" duration-ms="41151" started-at="2016-11-07T01:47:52Z" finished-at="2016-11-07T01:48:33Z">
    <groups>
    </groups>
    <test name="On chrome" duration-ms="19189" started-at="2016-11-07T01:47:52Z" finished-at="2016-11-07T01:48:11Z">
      <class name="grid.GridEg">
        <test-method status="PASS" signature="grid(java.lang.String)[pri:0, instance:grid.GridEg@68be2bc2]" name="grid" duration-ms="19118" started-at="2016-11-07T07:17:52Z" finished-at="2016-11-07T07:18:11Z">
          <params>
            <param index="0">
              <value>
                <![CDATA[chrome]]>
              </value>
            </param>
          </params>
          <reporter-output>
          </reporter-output>
        </test-method> <!-- grid -->
      </class> <!-- grid.GridEg -->
    </test> <!-- On chrome -->
    <test name="On firefox" duration-ms="41151" started-at="2016-11-07T01:47:52Z" finished-at="2016-11-07T01:48:33Z">
      <class name="grid.GridEg">
        <test-method status="PASS" signature="grid(java.lang.String)[pri:0, instance:grid.GridEg@5dfcfece]" name="grid" duration-ms="41096" started-at="2016-11-07T07:17:52Z" finished-at="2016-11-07T07:18:33Z">
          <params>
            <param index="0">
              <value>
                <![CDATA[firefox]]>
              </value>
            </param>
          </params>
          <reporter-output>
          </reporter-output>
        </test-method> <!-- grid -->
      </class> <!-- grid.GridEg -->
    </test> <!-- On firefox -->
  </suite> <!-- Grid -->
</testng-results>
